
Circuit 1 cell sky130_fd_pr__pfet_g5v0d10v5 and Circuit 2 cell sky130_fd_pr__pfet_g5v0d10v5 are black boxes.
Warning: Equate pins:  cell sky130_fd_pr__pfet_g5v0d10v5 is a placeholder, treated as a black box.
Warning: Equate pins:  cell sky130_fd_pr__pfet_g5v0d10v5 is a placeholder, treated as a black box.

Subcircuit pins:
Circuit 1: sky130_fd_pr__pfet_g5v0d10v5    |Circuit 2: sky130_fd_pr__pfet_g5v0d10v5    
-------------------------------------------|-------------------------------------------
1                                          |1                                          
2                                          |2                                          
3                                          |3                                          
4                                          |4                                          
---------------------------------------------------------------------------------------
Cell pin lists are equivalent.
Device classes sky130_fd_pr__pfet_g5v0d10v5 and sky130_fd_pr__pfet_g5v0d10v5 are equivalent.

Circuit 1 cell sky130_fd_pr__nfet_g5v0d10v5 and Circuit 2 cell sky130_fd_pr__nfet_g5v0d10v5 are black boxes.
Warning: Equate pins:  cell sky130_fd_pr__nfet_g5v0d10v5 is a placeholder, treated as a black box.
Warning: Equate pins:  cell sky130_fd_pr__nfet_g5v0d10v5 is a placeholder, treated as a black box.

Subcircuit pins:
Circuit 1: sky130_fd_pr__nfet_g5v0d10v5    |Circuit 2: sky130_fd_pr__nfet_g5v0d10v5    
-------------------------------------------|-------------------------------------------
1                                          |1                                          
2                                          |2                                          
3                                          |3                                          
4                                          |4                                          
---------------------------------------------------------------------------------------
Cell pin lists are equivalent.
Device classes sky130_fd_pr__nfet_g5v0d10v5 and sky130_fd_pr__nfet_g5v0d10v5 are equivalent.

Class buffer (1):  Merged 34 parallel devices.
Subcircuit summary:
Circuit 1: buffer                          |Circuit 2: buffer                          
-------------------------------------------|-------------------------------------------
sky130_fd_pr__pfet_g5v0d10v5 (20->3)       |sky130_fd_pr__pfet_g5v0d10v5 (20->3)       
sky130_fd_pr__nfet_g5v0d10v5 (20->3)       |sky130_fd_pr__nfet_g5v0d10v5 (20->3)       
Number of devices: 6                       |Number of devices: 6                       
Number of nets: 7                          |Number of nets: 7                          
---------------------------------------------------------------------------------------
Netlists match uniquely with port errors.

Subcircuit pins:
Circuit 1: buffer                          |Circuit 2: buffer                          
-------------------------------------------|-------------------------------------------
Q                                          |(no matching pin)                          
NQ                                         |(no matching pin)                          
VOUT                                       |(no matching pin)                          
VDD                                        |(no matching pin)                          
VSS                                        |(no matching pin)                          
VDD                                        |(no matching pin)                          
VSS                                        |(no matching pin)                          
Q                                          |(no matching pin)                          
NQ                                         |(no matching pin)                          
VOUT                                       |(no matching pin)                          
---------------------------------------------------------------------------------------
Error:  Connected pin (no pins) (node -2) did not get ordered!
Ports of buffer are unordered.  Ordering will be arbitrary.
Cell pin lists for buffer and buffer altered to match.
Device classes buffer and buffer are equivalent.

Final result: Top level cell failed pin matching.
