
Circuit 1 cell sky130_fd_pr__nfet_g5v0d10v5 and Circuit 2 cell sky130_fd_pr__nfet_g5v0d10v5 are black boxes.
Warning: Equate pins:  cell sky130_fd_pr__nfet_g5v0d10v5 is a placeholder, treated as a black box.
Warning: Equate pins:  cell sky130_fd_pr__nfet_g5v0d10v5 is a placeholder, treated as a black box.

Subcircuit pins:
Circuit 1: sky130_fd_pr__nfet_g5v0d10v5    |Circuit 2: sky130_fd_pr__nfet_g5v0d10v5    
-------------------------------------------|-------------------------------------------
1                                          |1                                          
2                                          |2                                          
3                                          |3                                          
4                                          |4                                          
---------------------------------------------------------------------------------------
Cell pin lists are equivalent.
Device classes sky130_fd_pr__nfet_g5v0d10v5 and sky130_fd_pr__nfet_g5v0d10v5 are equivalent.

Circuit 1 cell sky130_fd_pr__pfet_g5v0d10v5 and Circuit 2 cell sky130_fd_pr__pfet_g5v0d10v5 are black boxes.
Warning: Equate pins:  cell sky130_fd_pr__pfet_g5v0d10v5 is a placeholder, treated as a black box.
Warning: Equate pins:  cell sky130_fd_pr__pfet_g5v0d10v5 is a placeholder, treated as a black box.

Subcircuit pins:
Circuit 1: sky130_fd_pr__pfet_g5v0d10v5    |Circuit 2: sky130_fd_pr__pfet_g5v0d10v5    
-------------------------------------------|-------------------------------------------
1                                          |1                                          
2                                          |2                                          
3                                          |3                                          
4                                          |4                                          
---------------------------------------------------------------------------------------
Cell pin lists are equivalent.
Device classes sky130_fd_pr__pfet_g5v0d10v5 and sky130_fd_pr__pfet_g5v0d10v5 are equivalent.

Circuit 1 cell sky130_fd_pr__cap_mim_m3_2 and Circuit 2 cell sky130_fd_pr__cap_mim_m3_2 are black boxes.
Warning: Equate pins:  cell sky130_fd_pr__cap_mim_m3_2 is a placeholder, treated as a black box.
Warning: Equate pins:  cell sky130_fd_pr__cap_mim_m3_2 is a placeholder, treated as a black box.

Subcircuit pins:
Circuit 1: sky130_fd_pr__cap_mim_m3_2      |Circuit 2: sky130_fd_pr__cap_mim_m3_2      
-------------------------------------------|-------------------------------------------
1                                          |1                                          
2                                          |2                                          
---------------------------------------------------------------------------------------
Cell pin lists are equivalent.
Device classes sky130_fd_pr__cap_mim_m3_2 and sky130_fd_pr__cap_mim_m3_2 are equivalent.

Circuit 1 cell sky130_fd_pr__cap_mim_m3_1 and Circuit 2 cell sky130_fd_pr__cap_mim_m3_1 are black boxes.
Warning: Equate pins:  cell sky130_fd_pr__cap_mim_m3_1 is a placeholder, treated as a black box.
Warning: Equate pins:  cell sky130_fd_pr__cap_mim_m3_1 is a placeholder, treated as a black box.

Subcircuit pins:
Circuit 1: sky130_fd_pr__cap_mim_m3_1      |Circuit 2: sky130_fd_pr__cap_mim_m3_1      
-------------------------------------------|-------------------------------------------
1                                          |1                                          
2                                          |2                                          
---------------------------------------------------------------------------------------
Cell pin lists are equivalent.
Device classes sky130_fd_pr__cap_mim_m3_1 and sky130_fd_pr__cap_mim_m3_1 are equivalent.

Cell boot_ls_stage (0) disconnected node: V5v0LS
Class boot_ls_stage (1):  Merged 11 parallel devices.
Cell boot_ls_stage (0) disconnected node: V5v0LS
Subcircuit summary:
Circuit 1: boot_ls_stage                   |Circuit 2: boot_ls_stage                   
-------------------------------------------|-------------------------------------------
sky130_fd_pr__pfet_g5v0d10v5 (8)           |sky130_fd_pr__pfet_g5v0d10v5 (8)           
sky130_fd_pr__nfet_g5v0d10v5 (15->4)       |sky130_fd_pr__nfet_g5v0d10v5 (15->4)       
Number of devices: 12                      |Number of devices: 12                      
Number of nets: 10                         |Number of nets: 10                         
---------------------------------------------------------------------------------------
Resolving symmetries by property value.
Resolving symmetries by pin name.
Netlists match uniquely with port errors.

Subcircuit pins:
Circuit 1: boot_ls_stage                   |Circuit 2: boot_ls_stage                   
-------------------------------------------|-------------------------------------------
VFE                                        |(no matching pin)                          
VRE                                        |(no matching pin)                          
GND                                        |GND                                        
Vboot                                      |VDD **Mismatch**                           
SET                                        |SET                                        
RESET                                      |RESET                                      
(no matching pin)                          |w_n1158_n782#                              
V5v0LS                                     |(no matching pin)                          
VFE                                        |(no matching pin)                          
VRE                                        |(no matching pin)                          
---------------------------------------------------------------------------------------
Cell pin lists for boot_ls_stage and boot_ls_stage altered to match.
Device classes boot_ls_stage and boot_ls_stage are equivalent.
  Flattening non-matched subcircuits boot_ls_stage boot_ls_stage

Class buffer (1):  Merged 34 parallel devices.
Subcircuit summary:
Circuit 1: buffer                          |Circuit 2: buffer                          
-------------------------------------------|-------------------------------------------
sky130_fd_pr__pfet_g5v0d10v5 (20->3)       |sky130_fd_pr__pfet_g5v0d10v5 (20->3)       
sky130_fd_pr__nfet_g5v0d10v5 (20->3)       |sky130_fd_pr__nfet_g5v0d10v5 (20->3)       
Number of devices: 6                       |Number of devices: 6                       
Number of nets: 7                          |Number of nets: 7                          
---------------------------------------------------------------------------------------
Netlists match uniquely with port errors.

Subcircuit pins:
Circuit 1: buffer                          |Circuit 2: buffer                          
-------------------------------------------|-------------------------------------------
Q                                          |Q                                          
NQ                                         |QN **Mismatch**                            
VOUT                                       |(no matching pin)                          
VDD                                        |VDD                                        
VSS                                        |VSS                                        
VOUT                                       |(no matching pin)                          
---------------------------------------------------------------------------------------
Cell pin lists for buffer and buffer altered to match.
Device classes buffer and buffer are equivalent.
  Flattening non-matched subcircuits buffer buffer

Subcircuit summary:
Circuit 1: nand_5v                         |Circuit 2: nand_5v                         
-------------------------------------------|-------------------------------------------
sky130_fd_pr__nfet_g5v0d10v5 (2)           |sky130_fd_pr__nfet_g5v0d10v5 (2)           
sky130_fd_pr__pfet_g5v0d10v5 (2)           |sky130_fd_pr__pfet_g5v0d10v5 (2)           
Number of devices: 4                       |Number of devices: 4                       
Number of nets: 6                          |Number of nets: 6                          
---------------------------------------------------------------------------------------
Netlists match uniquely.

Subcircuit pins:
Circuit 1: nand_5v                         |Circuit 2: nand_5v                         
-------------------------------------------|-------------------------------------------
VDD                                        |VDD                                        
VSS                                        |GND **Mismatch**                           
NAND                                       |AND **Mismatch**                           
A                                          |A                                          
B                                          |B                                          
---------------------------------------------------------------------------------------
Cell pin lists for nand_5v and nand_5v altered to match.
Device classes nand_5v and nand_5v are equivalent.

Circuit 1 cell sky130_fd_pr__pfet_01v8 and Circuit 2 cell sky130_fd_pr__pfet_01v8 are black boxes.
Warning: Equate pins:  cell sky130_fd_pr__pfet_01v8 is a placeholder, treated as a black box.
Warning: Equate pins:  cell sky130_fd_pr__pfet_01v8 is a placeholder, treated as a black box.

Subcircuit pins:
Circuit 1: sky130_fd_pr__pfet_01v8         |Circuit 2: sky130_fd_pr__pfet_01v8         
-------------------------------------------|-------------------------------------------
1                                          |1                                          
2                                          |2                                          
3                                          |3                                          
4                                          |4                                          
---------------------------------------------------------------------------------------
Cell pin lists are equivalent.
Device classes sky130_fd_pr__pfet_01v8 and sky130_fd_pr__pfet_01v8 are equivalent.

Circuit 1 cell sky130_fd_pr__nfet_01v8 and Circuit 2 cell sky130_fd_pr__nfet_01v8 are black boxes.
Warning: Equate pins:  cell sky130_fd_pr__nfet_01v8 is a placeholder, treated as a black box.
Warning: Equate pins:  cell sky130_fd_pr__nfet_01v8 is a placeholder, treated as a black box.

Subcircuit pins:
Circuit 1: sky130_fd_pr__nfet_01v8         |Circuit 2: sky130_fd_pr__nfet_01v8         
-------------------------------------------|-------------------------------------------
1                                          |1                                          
2                                          |2                                          
3                                          |3                                          
4                                          |4                                          
---------------------------------------------------------------------------------------
Cell pin lists are equivalent.
Device classes sky130_fd_pr__nfet_01v8 and sky130_fd_pr__nfet_01v8 are equivalent.
Flattening unmatched subcell pulse_generator in circuit driver_bootstrap (0)(1 instance)

Cell driver_bootstrap (0) disconnected node: V5v0LS
Subcircuit summary:
Circuit 1: driver_bootstrap                |Circuit 2: driver_bootstrap                
-------------------------------------------|-------------------------------------------
sky130_fd_pr__pfet_g5v0d10v5 (28->11)      |sky130_fd_pr__pfet_g5v0d10v5 (28->11)      
sky130_fd_pr__nfet_g5v0d10v5 (35->7)       |sky130_fd_pr__nfet_g5v0d10v5 (35->7)       
sky130_fd_sc_hd__inv_1 (3)                 |(no matching element)                      
sky130_fd_sc_hd__inv_2 (1)                 |(no matching element)                      
sky130_fd_sc_hd__inv_8 (2)                 |(no matching element)                      
sky130_fd_sc_hd__and2_2 (2)                |(no matching element)                      
sky130_fd_pr__cap_mim_m3_2 (1)             |(no matching element)                      
nand_5v (2)                                |nand_5v (2)                                
Number of devices: 29 **Mismatch**         |Number of devices: 20 **Mismatch**         
Number of nets: 24 **Mismatch**            |Number of nets: 16 **Mismatch**            
---------------------------------------------------------------------------------------
NET mismatches: Class fragments follow (with fanout counts):
Circuit 1: driver_bootstrap                |Circuit 2: driver_bootstrap                

---------------------------------------------------------------------------------------
Net: GND                                   |Net: VSUBS                                 
  sky130_fd_pr__nfet_g5v0d10v5/(1|3) = 2   |  sky130_fd_pr__nfet_g5v0d10v5/(1|3) = 2   
  sky130_fd_pr__nfet_g5v0d10v5/4 = 2       |  sky130_fd_pr__nfet_g5v0d10v5/4 = 2       
  sky130_fd_sc_hd__inv_1/2 = 3             |                                           
  sky130_fd_sc_hd__inv_1/3 = 3             |                                           
  sky130_fd_sc_hd__inv_2/2 = 1             |                                           
  sky130_fd_sc_hd__inv_2/3 = 1             |                                           
  sky130_fd_sc_hd__inv_8/2 = 2             |                                           
  sky130_fd_sc_hd__inv_8/3 = 2             |                                           
  sky130_fd_sc_hd__and2_2/3 = 2            |                                           
  sky130_fd_sc_hd__and2_2/4 = 2            |                                           
  sky130_fd_pr__cap_mim_m3_2/2 = 1         |                                           
                                           |                                           
Net: pulse_generator:2/net2                |(no matching net)                          
  sky130_fd_sc_hd__inv_1/1 = 1             |                                           
  sky130_fd_sc_hd__inv_2/6 = 1             |                                           
                                           |                                           
Net: pulse_generator:2/net4                |(no matching net)                          
  sky130_fd_sc_hd__inv_8/6 = 1             |                                           
  sky130_fd_sc_hd__inv_8/1 = 1             |                                           
                                           |                                           
Net: V1v8                                  |(no matching net)                          
  sky130_fd_sc_hd__inv_1/4 = 3             |                                           
  sky130_fd_sc_hd__inv_1/5 = 3             |                                           
  sky130_fd_sc_hd__inv_2/4 = 1             |                                           
  sky130_fd_sc_hd__inv_2/5 = 1             |                                           
  sky130_fd_sc_hd__inv_8/4 = 2             |                                           
  sky130_fd_sc_hd__inv_8/5 = 2             |                                           
  sky130_fd_sc_hd__and2_2/5 = 2            |                                           
  sky130_fd_sc_hd__and2_2/6 = 2            |                                           
                                           |                                           
Net: DIN                                   |(no matching net)                          
  sky130_fd_sc_hd__inv_2/1 = 1             |                                           
                                           |                                           
Net: pulse_generator:2/predly              |(no matching net)                          
  sky130_fd_sc_hd__inv_1/6 = 1             |                                           
  sky130_fd_sc_hd__inv_1/1 = 1             |                                           
  sky130_fd_sc_hd__inv_8/1 = 1             |                                           
  sky130_fd_sc_hd__and2_2/2 = 1            |                                           
                                           |                                           
Net: pulse_generator:2/dly8                |(no matching net)                          
  sky130_fd_sc_hd__inv_1/1 = 1             |                                           
  sky130_fd_sc_hd__and2_2/2 = 1            |                                           
  sky130_fd_pr__cap_mim_m3_2/1 = 1         |                                           
  sky130_fd_sc_hd__inv_8/6 = 1             |                                           
---------------------------------------------------------------------------------------

---------------------------------------------------------------------------------------
Net: boot_ls_stage:3/net2                  |Net: w_n3969_322#                          
  sky130_fd_pr__nfet_g5v0d10v5/(1|3) = 3   |  sky130_fd_pr__nfet_g5v0d10v5/(1|3) = 3   
  sky130_fd_pr__nfet_g5v0d10v5/4 = 2       |  sky130_fd_pr__nfet_g5v0d10v5/4 = 2       
---------------------------------------------------------------------------------------

---------------------------------------------------------------------------------------
Net: SET                                   |Net: nand_5v_1/A                           
  sky130_fd_pr__pfet_g5v0d10v5/(1|3) = 3   |  sky130_fd_pr__pfet_g5v0d10v5/2 = 4       
  sky130_fd_pr__pfet_g5v0d10v5/2 = 4       |  sky130_fd_pr__pfet_g5v0d10v5/(1|3) = 3   
  sky130_fd_pr__nfet_g5v0d10v5/(1|3) = 1   |  sky130_fd_pr__nfet_g5v0d10v5/(1|3) = 1   
  nand_5v/A = 1                            |  nand_5v/A = 1                            
                                           |                                           
Net: RESET                                 |Net: nand_5v_0/A                           
  sky130_fd_pr__pfet_g5v0d10v5/2 = 4       |  sky130_fd_pr__nfet_g5v0d10v5/(1|3) = 1   
  sky130_fd_pr__pfet_g5v0d10v5/(1|3) = 3   |  sky130_fd_pr__pfet_g5v0d10v5/(1|3) = 3   
  sky130_fd_pr__nfet_g5v0d10v5/(1|3) = 1   |  sky130_fd_pr__pfet_g5v0d10v5/2 = 4       
  nand_5v/A = 1                            |  nand_5v/A = 1                            
---------------------------------------------------------------------------------------
DEVICE mismatches: Class fragments follow (with node fanout counts):
Circuit 1: driver_bootstrap                |Circuit 2: driver_bootstrap                

---------------------------------------------------------------------------------------
Instance: pulse_generator:2/sky130_fd_sc_h |(no matching instance)                     
  1 = 2                                    |                                           
  2 = 21                                   |                                           
  3 = 21                                   |                                           
  4 = 16                                   |                                           
  5 = 16                                   |                                           
  6 = 4                                    |                                           
                                           |                                           
Instance: pulse_generator:2/sky130_fd_sc_h |(no matching instance)                     
  1 = 1                                    |                                           
  2 = 21                                   |                                           
  3 = 21                                   |                                           
  4 = 16                                   |                                           
  5 = 16                                   |                                           
  6 = 2                                    |                                           
                                           |                                           
Instance: pulse_generator:2/sky130_fd_pr__ |(no matching instance)                     
  1 = 4                                    |                                           
  2 = 21                                   |                                           
---------------------------------------------------------------------------------------
Netlists do not match.
  Flattening non-matched subcircuits driver_bootstrap driver_bootstrap
Flattening unmatched subcell nmos_waffle_36x36 in circuit power_stage_3 (1)(2 instances)
Flattening unmatched subcell nmos_drain_in in circuit power_stage_3 (1)(1156 instances)
Flattening unmatched subcell nmos_source_in in circuit power_stage_3 (1)(1156 instances)
Flattening unmatched subcell nmos_source_frame_lt in circuit power_stage_3 (1)(68 instances)
Flattening unmatched subcell nmos_drain_frame_rb in circuit power_stage_3 (1)(68 instances)
Flattening unmatched subcell nmos_source_frame_rb in circuit power_stage_3 (1)(68 instances)
Flattening unmatched subcell nmos_drain_frame_lt in circuit power_stage_3 (1)(68 instances)

Class power_stage_3 (1):  Merged 5038 parallel devices.
Subcircuit summary:
Circuit 1: power_stage_3                   |Circuit 2: power_stage_3                   
-------------------------------------------|-------------------------------------------
sky130_fd_pr__nfet_g5v0d10v5 (5040->2)     |sky130_fd_pr__nfet_g5v0d10v5 (5040->2)     
Number of devices: 2                       |Number of devices: 2                       
Number of nets: 5                          |Number of nets: 5                          
---------------------------------------------------------------------------------------
Netlists match uniquely with port errors.

Subcircuit pins:
Circuit 1: power_stage_3                   |Circuit 2: power_stage_3                   
-------------------------------------------|-------------------------------------------
VSS                                        |VN **Mismatch**                            
Vout                                       |out **Mismatch**                           
S2                                         |(no matching pin)                          
VDD                                        |VP **Mismatch**                            
S1                                         |s2 **Mismatch**                            
S2                                         |(no matching pin)                          
---------------------------------------------------------------------------------------
Cell pin lists for power_stage_3 and power_stage_3 altered to match.
Device classes power_stage_3 and power_stage_3 are equivalent.
  Flattening non-matched subcircuits power_stage_3 power_stage_3

Class level_shifter (1):  Merged 68 parallel devices.
Subcircuit summary:
Circuit 1: level_shifter                   |Circuit 2: level_shifter                   
-------------------------------------------|-------------------------------------------
sky130_fd_pr__pfet_01v8 (5->1)             |sky130_fd_pr__pfet_01v8 (5->1)             
sky130_fd_pr__nfet_01v8 (5->1)             |sky130_fd_pr__nfet_01v8 (5->1)             
sky130_fd_pr__pfet_g5v0d10v5 (32->4)       |sky130_fd_pr__pfet_g5v0d10v5 (32->4)       
sky130_fd_pr__nfet_g5v0d10v5 (36->4)       |sky130_fd_pr__nfet_g5v0d10v5 (36->4)       
Number of devices: 10                      |Number of devices: 10                      
Number of nets: 9                          |Number of nets: 9                          
---------------------------------------------------------------------------------------
Netlists match uniquely with port errors.

Subcircuit pins:
Circuit 1: level_shifter                   |Circuit 2: level_shifter                   
-------------------------------------------|-------------------------------------------
VH                                         |(no matching pin)                          
VSS                                        |level_shifter_0/GND **Mismatch**           
OUT                                        |level_shifter_0/OUT **Mismatch**           
VDD                                        |(no matching pin)                          
IN                                         |(no matching pin)                          
VH                                         |(no matching pin)                          
VDD                                        |(no matching pin)                          
IN                                         |(no matching pin)                          
---------------------------------------------------------------------------------------
Cell pin lists for level_shifter and level_shifter altered to match.
Device classes level_shifter and level_shifter are equivalent.
  Flattening non-matched subcircuits level_shifter level_shifter
Flattening unmatched subcell mimcap_210x420 in circuit converter_3 (1)(1 instance)
Flattening unmatched subcell mimcap_30x30 in circuit converter_3 (1)(98 instances)

Class converter_3 (1):  Merged 194 parallel devices.
Subcircuit summary:
Circuit 1: converter_3                     |Circuit 2: converter_3                     
-------------------------------------------|-------------------------------------------
sky130_fd_pr__pfet_g5v0d10v5 (60->15)      |sky130_fd_pr__pfet_g5v0d10v5 (60->15)      
sky130_fd_pr__nfet_g5v0d10v5 (5111->13)    |sky130_fd_pr__nfet_g5v0d10v5 (5111->13)    
sky130_fd_sc_hd__inv_1 (3)                 |(no matching element)                      
sky130_fd_sc_hd__inv_2 (1)                 |(no matching element)                      
sky130_fd_sc_hd__inv_8 (2)                 |(no matching element)                      
sky130_fd_sc_hd__and2_2 (2)                |(no matching element)                      
sky130_fd_pr__cap_mim_m3_2 (2)             |sky130_fd_pr__cap_mim_m3_2 (98->1) **Misma 
nand_5v (2)                                |nand_5v (2)                                
sky130_fd_pr__diode_pw2nd_05v5 (1)         |(no matching element)                      
sky130_fd_pr__pfet_01v8 (5->1)             |sky130_fd_pr__pfet_01v8 (5->1)             
sky130_fd_pr__nfet_01v8 (5->1)             |sky130_fd_pr__nfet_01v8 (5->1)             
sky130_fd_pr__cap_mim_m3_1 (1)             |sky130_fd_pr__cap_mim_m3_1 (98->1)         
Number of devices: 44 **Mismatch**         |Number of devices: 34 **Mismatch**         
Number of nets: 32 **Mismatch**            |Number of nets: 28 **Mismatch**            
---------------------------------------------------------------------------------------
NET mismatches: Class fragments follow (with fanout counts):
Circuit 1: converter_3                     |Circuit 2: converter_3                     

---------------------------------------------------------------------------------------
Net: Vboot                                 |Net: power_stage_3_0/s2                    
  sky130_fd_pr__pfet_g5v0d10v5/(1|3) = 9   |  sky130_fd_pr__nfet_g5v0d10v5/(1|3) = 1   
  sky130_fd_pr__pfet_g5v0d10v5/4 = 9       |  sky130_fd_pr__pfet_g5v0d10v5/(1|3) = 1   
  nand_5v/VDD = 2                          |  sky130_fd_pr__nfet_g5v0d10v5/2 = 1       
  sky130_fd_pr__diode_pw2nd_05v5/cathode = |                                           
  sky130_fd_pr__cap_mim_m3_2/1 = 1         |                                           
  sky130_fd_pr__cap_mim_m3_1/1 = 1         |                                           
                                           |                                           
Net: level_shifter:3/net4                  |Net: /driver_bootstrap_0//buffer_0/a_n195_ 
  sky130_fd_pr__pfet_g5v0d10v5/(1|3) = 1   |  sky130_fd_pr__nfet_g5v0d10v5/(1|3) = 1   
  sky130_fd_pr__nfet_g5v0d10v5/(1|3) = 1   |  sky130_fd_pr__pfet_g5v0d10v5/2 = 1       
  sky130_fd_pr__pfet_g5v0d10v5/2 = 1       |  sky130_fd_pr__pfet_g5v0d10v5/(1|3) = 1   
  sky130_fd_pr__nfet_g5v0d10v5/2 = 1       |                                           
                                           |                                           
Net: V5v0LS                                |Net: /level_shifter_0/a_1660_2346#         
  sky130_fd_pr__diode_pw2nd_05v5/anode = 1 |  sky130_fd_pr__pfet_g5v0d10v5/(1|3) = 1   
  sky130_fd_pr__pfet_g5v0d10v5/(1|3) = 4   |  sky130_fd_pr__pfet_g5v0d10v5/2 = 1       
  sky130_fd_pr__pfet_g5v0d10v5/4 = 4       |  sky130_fd_pr__nfet_g5v0d10v5/(1|3) = 1   
                                           |                                           
Net: V1v8                                  |Net: /power_stage_3_0/s1                   
  sky130_fd_sc_hd__inv_1/4 = 3             |  sky130_fd_pr__nfet_g5v0d10v5/2 = 1       
  sky130_fd_sc_hd__inv_1/5 = 3             |                                           
  sky130_fd_sc_hd__inv_2/4 = 1             |                                           
  sky130_fd_sc_hd__inv_2/5 = 1             |                                           
  sky130_fd_sc_hd__inv_8/4 = 2             |                                           
  sky130_fd_sc_hd__inv_8/5 = 2             |                                           
  sky130_fd_sc_hd__and2_2/5 = 2            |                                           
  sky130_fd_sc_hd__and2_2/6 = 2            |                                           
  sky130_fd_pr__pfet_01v8/(1|3) = 1        |                                           
  sky130_fd_pr__pfet_01v8/4 = 1            |                                           
                                           |                                           
Net: GND                                   |Net: /level_shifter_0/level_shifter_0/cruz 
  sky130_fd_pr__nfet_g5v0d10v5/(1|3) = 7   |  sky130_fd_pr__pfet_g5v0d10v5/2 = 2       
  sky130_fd_pr__nfet_g5v0d10v5/4 = 7       |  sky130_fd_pr__nfet_g5v0d10v5/(1|3) = 1   
  sky130_fd_sc_hd__inv_1/2 = 3             |  sky130_fd_pr__pfet_g5v0d10v5/(1|3) = 1   
  sky130_fd_sc_hd__inv_1/3 = 3             |                                           
  sky130_fd_sc_hd__inv_2/2 = 1             |                                           
  sky130_fd_sc_hd__inv_2/3 = 1             |                                           
  sky130_fd_sc_hd__inv_8/2 = 2             |                                           
  sky130_fd_sc_hd__inv_8/3 = 2             |                                           
  sky130_fd_sc_hd__and2_2/3 = 2            |                                           
  sky130_fd_sc_hd__and2_2/4 = 2            |                                           
  sky130_fd_pr__cap_mim_m3_2/2 = 1         |                                           
  sky130_fd_pr__nfet_01v8/(1|3) = 1        |                                           
  sky130_fd_pr__nfet_01v8/4 = 1            |                                           
                                           |                                           
Net: D1                                    |Net: /level_shifter_0/level_shifter_0/inv_ 
  sky130_fd_sc_hd__inv_2/1 = 1             |  sky130_fd_pr__nfet_g5v0d10v5/2 = 1       
                                           |  sky130_fd_pr__nfet_g5v0d10v5/(1|3) = 1   
                                           |  sky130_fd_pr__pfet_g5v0d10v5/2 = 1       
                                           |  sky130_fd_pr__pfet_g5v0d10v5/(1|3) = 1   
                                           |                                           
Net: driver_bootstrap:1/pulse_generator:2/ |Net: VDD                                   
  sky130_fd_sc_hd__inv_1/6 = 1             |  sky130_fd_pr__nfet_g5v0d10v5/(1|3) = 1   
  sky130_fd_sc_hd__inv_1/1 = 1             |  sky130_fd_pr__nfet_g5v0d10v5/4 = 1       
  sky130_fd_sc_hd__inv_8/1 = 1             |                                           
  sky130_fd_sc_hd__and2_2/2 = 1            |                                           
                                           |                                           
Net: driver_bootstrap:1/pulse_generator:2/ |Net: /driver_bootstrap_0//buffer_0/out     
  sky130_fd_sc_hd__inv_1/1 = 1             |  sky130_fd_pr__pfet_g5v0d10v5/(1|3) = 1   
  sky130_fd_sc_hd__and2_2/2 = 1            |  sky130_fd_pr__nfet_g5v0d10v5/(1|3) = 1   
  sky130_fd_pr__cap_mim_m3_2/1 = 1         |                                           
  sky130_fd_sc_hd__inv_8/6 = 1             |                                           
                                           |                                           
Net: level_shifter:3/net2                  |Net: /level_shifter_0/level_shifter_0/VDD  
  sky130_fd_pr__pfet_g5v0d10v5/(1|3) = 1   |  sky130_fd_pr__pfet_01v8/(1|3) = 1        
  sky130_fd_pr__pfet_g5v0d10v5/2 = 2       |  sky130_fd_pr__pfet_01v8/4 = 1            
  sky130_fd_pr__nfet_g5v0d10v5/(1|3) = 1   |                                           
                                           |                                           
Net: Vout                                  |Net: Vout                                  
  sky130_fd_pr__nfet_g5v0d10v5/(1|3) = 5   |  sky130_fd_pr__nfet_g5v0d10v5/(1|3) = 2   
  sky130_fd_pr__nfet_g5v0d10v5/4 = 4       |  sky130_fd_pr__nfet_g5v0d10v5/4 = 1       
  sky130_fd_pr__cap_mim_m3_1/2 = 1         |  sky130_fd_pr__cap_mim_m3_1/2 = 1         
  sky130_fd_pr__cap_mim_m3_2/2 = 1         |  sky130_fd_pr__cap_mim_m3_2/1 = 1         
  nand_5v/VSS = 2                          |                                           
                                           |                                           
Net: driver_bootstrap:1/pulse_generator:2/ |Net: /driver_bootstrap_0//buffer_0/a_n137_ 
  sky130_fd_sc_hd__inv_1/1 = 1             |  sky130_fd_pr__pfet_g5v0d10v5/2 = 2       
  sky130_fd_sc_hd__inv_2/6 = 1             |  sky130_fd_pr__nfet_g5v0d10v5/2 = 1       
                                           |  sky130_fd_pr__pfet_g5v0d10v5/(1|3) = 1   
                                           |  sky130_fd_pr__nfet_g5v0d10v5/(1|3) = 1   
                                           |                                           
Net: driver_bootstrap:1/pulse_generator:2/ |Net: VSUBS                                 
  sky130_fd_sc_hd__inv_8/6 = 1             |  sky130_fd_pr__nfet_g5v0d10v5/(1|3) = 6   
  sky130_fd_sc_hd__inv_8/1 = 1             |  sky130_fd_pr__nfet_g5v0d10v5/4 = 6       
                                           |  sky130_fd_pr__nfet_01v8/(1|3) = 1        
                                           |  sky130_fd_pr__nfet_01v8/4 = 1            
                                           |                                           
Net: driver_bootstrap:1/buffer:1/net2      |Net: driver_bootstrap_0/VBOOT              
  sky130_fd_pr__pfet_g5v0d10v5/(1|3) = 1   |  sky130_fd_pr__cap_mim_m3_1/1 = 1         
  sky130_fd_pr__pfet_g5v0d10v5/2 = 2       |  sky130_fd_pr__cap_mim_m3_2/2 = 1         
  sky130_fd_pr__nfet_g5v0d10v5/(1|3) = 1   |  sky130_fd_pr__pfet_g5v0d10v5/(1|3) = 9   
  sky130_fd_pr__nfet_g5v0d10v5/2 = 1       |  sky130_fd_pr__pfet_g5v0d10v5/4 = 9       
                                           |  nand_5v/VDD = 2                          
---------------------------------------------------------------------------------------

---------------------------------------------------------------------------------------
Net: driver_bootstrap:1/boot_ls_stage:3/ne |Net: w_108020_n12608#                      
  sky130_fd_pr__nfet_g5v0d10v5/(1|3) = 3   |  sky130_fd_pr__nfet_g5v0d10v5/(1|3) = 3   
  sky130_fd_pr__nfet_g5v0d10v5/4 = 2       |  sky130_fd_pr__nfet_g5v0d10v5/4 = 2       
---------------------------------------------------------------------------------------

---------------------------------------------------------------------------------------
Net: D2                                    |Net: /level_shifter_0/level_shifter_0/IN   
  sky130_fd_pr__pfet_01v8/2 = 1            |  sky130_fd_pr__pfet_01v8/2 = 1            
  sky130_fd_pr__nfet_01v8/2 = 1            |  sky130_fd_pr__nfet_01v8/2 = 1            
  sky130_fd_pr__nfet_g5v0d10v5/2 = 2       |  sky130_fd_pr__nfet_g5v0d10v5/2 = 2       
---------------------------------------------------------------------------------------

---------------------------------------------------------------------------------------
Net: V10v0                                 |Net: VSS                                   
  sky130_fd_pr__nfet_g5v0d10v5/(1|3) = 1   |  sky130_fd_pr__nfet_g5v0d10v5/(1|3) = 1   
---------------------------------------------------------------------------------------

---------------------------------------------------------------------------------------
Net: level_shifter:3/net3                  |(no matching net)                          
  sky130_fd_pr__pfet_g5v0d10v5/2 = 1       |                                           
  sky130_fd_pr__pfet_g5v0d10v5/(1|3) = 1   |                                           
  sky130_fd_pr__nfet_g5v0d10v5/(1|3) = 1   |                                           
                                           |                                           
Net: driver_bootstrap:1/buffer:1/net1      |(no matching net)                          
  sky130_fd_pr__pfet_g5v0d10v5/2 = 1       |                                           
  sky130_fd_pr__pfet_g5v0d10v5/(1|3) = 1   |                                           
  sky130_fd_pr__nfet_g5v0d10v5/(1|3) = 1   |                                           
---------------------------------------------------------------------------------------

---------------------------------------------------------------------------------------
Net: driver_bootstrap:1/Q                  |(no matching net)                          
  sky130_fd_pr__nfet_g5v0d10v5/2 = 1       |                                           
  nand_5v/NAND = 1                         |                                           
  nand_5v/B = 1                            |                                           
                                           |                                           
Net: driver_bootstrap:1/QN                 |(no matching net)                          
  sky130_fd_pr__nfet_g5v0d10v5/2 = 1       |                                           
  nand_5v/B = 1                            |                                           
  nand_5v/NAND = 1                         |                                           
---------------------------------------------------------------------------------------

---------------------------------------------------------------------------------------
Net: S2                                    |(no matching net)                          
  sky130_fd_pr__nfet_g5v0d10v5/2 = 1       |                                           
  sky130_fd_pr__pfet_g5v0d10v5/(1|3) = 1   |                                           
  sky130_fd_pr__nfet_g5v0d10v5/(1|3) = 1   |                                           
                                           |                                           
Net: S1                                    |(no matching net)                          
  sky130_fd_pr__pfet_g5v0d10v5/(1|3) = 1   |                                           
  sky130_fd_pr__nfet_g5v0d10v5/(1|3) = 1   |                                           
  sky130_fd_pr__nfet_g5v0d10v5/2 = 1       |                                           
---------------------------------------------------------------------------------------

---------------------------------------------------------------------------------------
(no matching net)                          |Net: /level_shifter_0/level_shifter_0/VH   
                                           |  sky130_fd_pr__pfet_g5v0d10v5/(1|3) = 4   
                                           |  sky130_fd_pr__pfet_g5v0d10v5/4 = 4       
                                           |                                           
(no matching net)                          |Net: (no pins)                             
                                           |  sky130_fd_pr__nfet_g5v0d10v5/(1|3) = 3   
                                           |  sky130_fd_pr__nfet_g5v0d10v5/4 = 3       
                                           |  nand_5v/GND = 2                          
---------------------------------------------------------------------------------------
DEVICE mismatches: Class fragments follow (with node fanout counts):
Circuit 1: converter_3                     |Circuit 2: converter_3                     

---------------------------------------------------------------------------------------
Instance: driver_bootstrap:1/pulse_generat |Instance: mimcap_210x420_0//mimcap_30x30_9 
  1 = 2                                    |  1 = 5                                    
  2 = 33                                   |  2 = 22                                   
  3 = 33                                   |                                           
  4 = 18                                   |                                           
  5 = 18                                   |                                           
  6 = 4                                    |                                           
                                           |                                           
Instance: driver_bootstrap:1/pulse_generat |(no matching instance)                     
  1 = 1                                    |                                           
  2 = 33                                   |                                           
  3 = 33                                   |                                           
  4 = 18                                   |                                           
  5 = 18                                   |                                           
  6 = 2                                    |                                           
                                           |                                           
Instance: driver_bootstrap:1/pulse_generat |(no matching instance)                     
  1 = 4                                    |                                           
  2 = 33                                   |                                           
                                           |                                           
Instance: sky130_fd_pr__cap_mim_m3_2:C1    |(no matching instance)                     
  1 = 23                                   |                                           
  2 = 13                                   |                                           
                                           |                                           
Instance: sky130_fd_pr__diode_pw2nd_05v5:3 |(no matching instance)                     
  anode = 9                                |                                           
  cathode = 23                             |                                           
---------------------------------------------------------------------------------------

---------------------------------------------------------------------------------------
Instance: level_shifter:3/sky130_fd_pr__nf |Instance: driver_bootstrap_0//buffer_0/sky 
  (1,3) = (33,4)                           |  (1,3) = (8,2)                            
  2 = 4                                    |  2 = 5                                    
  4 = 33                                   |  4 = 8                                    
                                           |                                           
Instance: level_shifter:3/sky130_fd_pr__nf |Instance: power_stage_3_0//nmos_waffle_36x 
  (1,3) = (33,3)                           |  (1,3) = (5,1)                            
  2 = 4                                    |  2 = 3                                    
  4 = 33                                   |  4 = 5                                    
                                           |                                           
Instance: power_stage_3:2/sky130_fd_pr__nf |Instance: level_shifter_0/sky130_fd_pr__nf 
  (1,3) = (33,13)                          |  (1,3) = (14,3)                           
  2 = 3                                    |  2 = 4                                    
  4 = 33                                   |  4 = 14                                   
                                           |                                           
Instance: power_stage_3:2/sky130_fd_pr__nf |Instance: level_shifter_0/sky130_fd_pr__nf 
  (1,3) = (13,1)                           |  (1,3) = (14,4)                           
  2 = 3                                    |  2 = 4                                    
  4 = 13                                   |  4 = 14                                   
                                           |                                           
Instance: driver_bootstrap:1/buffer:1/sky1 |(no matching instance)                     
  (1,3) = (13,5)                           |                                           
  2 = 3                                    |                                           
  4 = 13                                   |                                           
                                           |                                           
                                           |                                           
Instance: driver_bootstrap:1/buffer:1/sky1 |(no matching instance)                     
  (1,3) = (13,3)                           |                                           
  2 = 3                                    |                                           
  4 = 13                                   |                                           
                                           |                                           
---------------------------------------------------------------------------------------

---------------------------------------------------------------------------------------
Instance: level_shifter:3/sky130_fd_pr__pf |Instance: driver_bootstrap_0//buffer_0/sky 
  (1,3) = (9,4)                            |  (1,3) = (22,3)                           
  2 = 4                                    |  2 = 5                                    
  4 = 9                                    |  4 = 22                                   
                                           |                                           
Instance: driver_bootstrap:1/boot_ls_stage |Instance: driver_bootstrap_0//buffer_0/sky 
  (1,3) = (23,9)                           |  (1,3) = (22,5)                           
  2 = 9                                    |  2 = 3                                    
  4 = 23                                   |  4 = 22                                   
                                           |                                           
Instance: driver_bootstrap:1/boot_ls_stage |Instance: driver_bootstrap_0//buffer_0/sky 
  (1,3) = (23,9)                           |  (1,3) = (22,2)                           
  2 = 9                                    |  2 = 5                                    
  4 = 23                                   |  4 = 22                                   
                                           |                                           
Instance: driver_bootstrap:1/boot_ls_stage |Instance: driver_bootstrap_0//boot_ls_stag 
  (1,3) = (23,9)                           |  (1,3) = (22,9)                           
  2 = 9                                    |  2 = 9                                    
  4 = 23                                   |  4 = 22                                   
                                           |                                           
Instance: driver_bootstrap:1/boot_ls_stage |Instance: driver_bootstrap_0//boot_ls_stag 
  (1,3) = (23,9)                           |  (1,3) = (22,9)                           
  2 = 9                                    |  2 = 9                                    
  4 = 23                                   |  4 = 22                                   
                                           |                                           
(no matching instance)                     |Instance: driver_bootstrap_0//boot_ls_stag 
                                           |  (1,3) = (22,9)                           
                                           |  2 = 9                                    
                                           |  4 = 22                                   
                                           |                                           
                                           |                                           
(no matching instance)                     |Instance: driver_bootstrap_0//boot_ls_stag 
                                           |  (1,3) = (22,9)                           
                                           |  2 = 9                                    
                                           |  4 = 22                                   
                                           |                                           
                                           |                                           
(no matching instance)                     |Instance: level_shifter_0/sky130_fd_pr__pf 
                                           |  (1,3) = (8,4)                            
                                           |  2 = 3                                    
                                           |  4 = 8                                    
                                           |                                           
                                           |                                           
(no matching instance)                     |Instance: level_shifter_0/sky130_fd_pr__pf 
                                           |  (1,3) = (8,4)                            
                                           |  2 = 4                                    
                                           |  4 = 8                                    
                                           |                                           
                                           |                                           
(no matching instance)                     |Instance: level_shifter_0/sky130_fd_pr__pf 
                                           |  (1,3) = (8,3)                            
                                           |  2 = 4                                    
                                           |  4 = 8                                    
                                           |                                           
                                           |                                           
(no matching instance)                     |Instance: level_shifter_0/sky130_fd_pr__pf 
                                           |  (1,3) = (8,3)                            
                                           |  2 = 4                                    
                                           |  4 = 8                                    
                                           |                                           
---------------------------------------------------------------------------------------
Netlists do not match.

Subcircuit pins:
Circuit 1: converter_3                     |Circuit 2: converter_3                     
-------------------------------------------|-------------------------------------------
Vout                                       |(no matching pin)                          
V5v0LS                                     |(no matching pin)                          
V1v8                                       |(no matching pin)                          
GND                                        |(no matching pin)                          
D1                                         |(no matching pin)                          
D2                                         |(no matching pin)                          
V10v0                                      |(no matching pin)                          
Cell pin lists are equivalent.
Device classes converter_3 and converter_3 are equivalent.

Final result: Netlists do not match.
